Building DAG of jobs...
Using shell: /bin/bash
Provided cores: 1
Rules claiming more threads will be scaled down.
Job counts:
	count	jobs
	1	all
	1	make_database
	2

[Mon Apr  1 09:07:12 2019]
rule make_database:
    input: output/SILVA_132_SSUParc_tax_silva.fasta, output/taxmap_slv_ssu_parc_132.txt
    output: output/SILVA/SILVA_132_SSUParc_tax_silva_taxonomy.fasta, output/SILVA/SILVA_132_SSUParc_tax_silva_taxonomy.fasta.nal
    jobid: 2

[Mon Apr  1 09:12:17 2019]
Finished job 2.
1 of 2 steps (50%) done

[Mon Apr  1 09:12:17 2019]
localrule all:
    input: output/SILVA_132_SSUParc_tax_silva.fasta, output/SILVA/SILVA_132_SSUParc_tax_silva_taxonomy.fasta.nal
    jobid: 0

[Mon Apr  1 09:12:17 2019]
Finished job 0.
2 of 2 steps (100%) done
Complete log: /home/galaxy/Tools/galaxy-tool-temp-2019/galaxy-tool-BLAST/utilities/silva/.snakemake/log/2019-04-01T090712.918867.snakemake.log
